ARM GAS  C:\Users\Lamp\AppData\Local\Temp\cc6f9ni3.s 			page 1


   1              		.cpu cortex-m3
   2              		.arch armv7-m
   3              		.fpu softvfp
   4              		.eabi_attribute 20, 1
   5              		.eabi_attribute 21, 1
   6              		.eabi_attribute 23, 3
   7              		.eabi_attribute 24, 1
   8              		.eabi_attribute 25, 1
   9              		.eabi_attribute 26, 1
  10              		.eabi_attribute 30, 1
  11              		.eabi_attribute 34, 1
  12              		.eabi_attribute 18, 4
  13              		.file	"Controller.c"
  14              		.text
  15              	.Ltext0:
  16              		.cfi_sections	.debug_frame
  17              		.file 1 "Core/Src/Applications/Src/Controller.c"
  18              		.section	.text.ControllerTask,"ax",%progbits
  19              		.align	1
  20              		.global	ControllerTask
  21              		.syntax unified
  22              		.thumb
  23              		.thumb_func
  25              	ControllerTask:
  26              	.LFB73:
   1:Core/Src/Applications/Src/Controller.c **** #include "Controller.h"
   2:Core/Src/Applications/Src/Controller.c **** 
   3:Core/Src/Applications/Src/Controller.c **** 
   4:Core/Src/Applications/Src/Controller.c **** extern SemaphoreHandle_t ControllerSemaphore;
   5:Core/Src/Applications/Src/Controller.c **** 
   6:Core/Src/Applications/Src/Controller.c **** 
   7:Core/Src/Applications/Src/Controller.c **** uint16_t PWM = 100;
   8:Core/Src/Applications/Src/Controller.c **** 
   9:Core/Src/Applications/Src/Controller.c **** void ControllerTask(void* vParametes)
  10:Core/Src/Applications/Src/Controller.c **** {
  27              		.loc 1 10 1 view -0
  28              		.cfi_startproc
  29              		@ Volatile: function does not return.
  30              		@ args = 0, pretend = 0, frame = 0
  31              		@ frame_needed = 0, uses_anonymous_args = 0
  32              	.LVL0:
  33              		.loc 1 10 1 is_stmt 0 view .LVU1
  34 0000 08B5     		push	{r3, lr}
  35              	.LCFI0:
  36              		.cfi_def_cfa_offset 8
  37              		.cfi_offset 3, -8
  38              		.cfi_offset 14, -4
  39              	.LVL1:
  40              	.L2:
  11:Core/Src/Applications/Src/Controller.c **** 	for(;;)
  41              		.loc 1 11 2 is_stmt 1 view .LVU2
  12:Core/Src/Applications/Src/Controller.c **** 	{
  13:Core/Src/Applications/Src/Controller.c **** 		RotationMode(CW);
  42              		.loc 1 13 3 view .LVU3
  43 0002 0020     		movs	r0, #0
  44 0004 FFF7FEFF 		bl	RotationMode
  45              	.LVL2:
ARM GAS  C:\Users\Lamp\AppData\Local\Temp\cc6f9ni3.s 			page 2


  14:Core/Src/Applications/Src/Controller.c **** 		PWM_Set(PWM);
  46              		.loc 1 14 3 view .LVU4
  47 0008 054B     		ldr	r3, .L4
  48 000a 1888     		ldrh	r0, [r3]
  49 000c FFF7FEFF 		bl	PWM_Set
  50              	.LVL3:
  15:Core/Src/Applications/Src/Controller.c **** 
  16:Core/Src/Applications/Src/Controller.c ****         xSemaphoreTake(ControllerSemaphore, portMAX_DELAY);
  51              		.loc 1 16 9 discriminator 1 view .LVU5
  52 0010 4FF0FF31 		mov	r1, #-1
  53 0014 034B     		ldr	r3, .L4+4
  54 0016 1868     		ldr	r0, [r3]
  55 0018 FFF7FEFF 		bl	xQueueSemaphoreTake
  56              	.LVL4:
  11:Core/Src/Applications/Src/Controller.c **** 	{
  57              		.loc 1 11 2 view .LVU6
  58 001c F1E7     		b	.L2
  59              	.L5:
  60 001e 00BF     		.align	2
  61              	.L4:
  62 0020 00000000 		.word	PWM
  63 0024 00000000 		.word	ControllerSemaphore
  64              		.cfi_endproc
  65              	.LFE73:
  67              		.global	PWM
  68              		.section	.data.PWM,"aw"
  69              		.align	1
  72              	PWM:
  73 0000 6400     		.short	100
  74              		.text
  75              	.Letext0:
  76              		.file 2 "C:/ArmToolChain/arm-none-eabi/include/machine/_default_types.h"
  77              		.file 3 "C:/ArmToolChain/arm-none-eabi/include/sys/_stdint.h"
  78              		.file 4 "ThirdParty/FreeRTOS/portable/GCC/ARM_CM3/portmacro.h"
  79              		.file 5 "ThirdParty/FreeRTOS/include/queue.h"
  80              		.file 6 "ThirdParty/FreeRTOS/include/semphr.h"
  81              		.file 7 "Core/Src/Drivers/Inc/gpio_Driver.h"
  82              		.file 8 "Core/Src/Drivers/Inc/timer_Driver.h"
ARM GAS  C:\Users\Lamp\AppData\Local\Temp\cc6f9ni3.s 			page 3


DEFINED SYMBOLS
                            *ABS*:00000000 Controller.c
C:\Users\Lamp\AppData\Local\Temp\cc6f9ni3.s:19     .text.ControllerTask:00000000 $t
C:\Users\Lamp\AppData\Local\Temp\cc6f9ni3.s:25     .text.ControllerTask:00000000 ControllerTask
C:\Users\Lamp\AppData\Local\Temp\cc6f9ni3.s:62     .text.ControllerTask:00000020 $d
C:\Users\Lamp\AppData\Local\Temp\cc6f9ni3.s:72     .data.PWM:00000000 PWM
C:\Users\Lamp\AppData\Local\Temp\cc6f9ni3.s:69     .data.PWM:00000000 $d

UNDEFINED SYMBOLS
RotationMode
PWM_Set
xQueueSemaphoreTake
ControllerSemaphore
