ARM GAS  C:\Users\Lamp\AppData\Local\Temp\ccqAtnKh.s 			page 1


   1              		.cpu cortex-m3
   2              		.arch armv7-m
   3              		.fpu softvfp
   4              		.eabi_attribute 20, 1
   5              		.eabi_attribute 21, 1
   6              		.eabi_attribute 23, 3
   7              		.eabi_attribute 24, 1
   8              		.eabi_attribute 25, 1
   9              		.eabi_attribute 26, 1
  10              		.eabi_attribute 30, 1
  11              		.eabi_attribute 34, 1
  12              		.eabi_attribute 18, 4
  13              		.file	"Encoder.c"
  14              		.text
  15              	.Ltext0:
  16              		.cfi_sections	.debug_frame
  17              		.file 1 "Core/Src/Applications/Src/Encoder.c"
  18              		.section	.text.EncoderTask,"ax",%progbits
  19              		.align	1
  20              		.global	EncoderTask
  21              		.syntax unified
  22              		.thumb
  23              		.thumb_func
  25              	EncoderTask:
  26              	.LFB73:
   1:Core/Src/Applications/Src/Encoder.c **** #include "Encoder.h"
   2:Core/Src/Applications/Src/Encoder.c **** 
   3:Core/Src/Applications/Src/Encoder.c **** extern SemaphoreHandle_t EncoderSemaphore;
   4:Core/Src/Applications/Src/Encoder.c **** extern QueueHandle_t encoderQueue;
   5:Core/Src/Applications/Src/Encoder.c **** 
   6:Core/Src/Applications/Src/Encoder.c **** int16_t countSend = 0;
   7:Core/Src/Applications/Src/Encoder.c **** void EncoderTask(void* vParametes)
   8:Core/Src/Applications/Src/Encoder.c **** {
  27              		.loc 1 8 1 view -0
  28              		.cfi_startproc
  29              		@ args = 0, pretend = 0, frame = 0
  30              		@ frame_needed = 0, uses_anonymous_args = 0
  31              	.LVL0:
  32              		.loc 1 8 1 is_stmt 0 view .LVU1
  33 0000 08B5     		push	{r3, lr}
  34              	.LCFI0:
  35              		.cfi_def_cfa_offset 8
  36              		.cfi_offset 3, -8
  37              		.cfi_offset 14, -4
  38              	.LVL1:
  39              	.L2:
   9:Core/Src/Applications/Src/Encoder.c **** 	TickType_t TimeDelay = pdMS_TO_TICKS(5);
  10:Core/Src/Applications/Src/Encoder.c **** 	for(;;)
  40              		.loc 1 10 2 is_stmt 1 view .LVU2
  11:Core/Src/Applications/Src/Encoder.c **** 	{
  12:Core/Src/Applications/Src/Encoder.c **** 		countSend = Get_Encoder();
  41              		.loc 1 12 3 view .LVU3
  42              		.loc 1 12 15 is_stmt 0 view .LVU4
  43 0002 FFF7FEFF 		bl	Get_Encoder
  44              	.LVL2:
  45              		.loc 1 12 13 discriminator 1 view .LVU5
  46 0006 0649     		ldr	r1, .L4
ARM GAS  C:\Users\Lamp\AppData\Local\Temp\ccqAtnKh.s 			page 2


  47 0008 0880     		strh	r0, [r1]	@ movhi
  13:Core/Src/Applications/Src/Encoder.c **** 
  14:Core/Src/Applications/Src/Encoder.c **** 		xQueueSend(encoderQueue, &countSend, portMAX_DELAY);
  48              		.loc 1 14 3 is_stmt 1 view .LVU6
  49 000a 0023     		movs	r3, #0
  50 000c 4FF0FF32 		mov	r2, #-1
  51 0010 0448     		ldr	r0, .L4+4
  52 0012 0068     		ldr	r0, [r0]
  53 0014 FFF7FEFF 		bl	xQueueGenericSend
  54              	.LVL3:
  15:Core/Src/Applications/Src/Encoder.c **** 		// xSemaphoreTake(EncoderSemaphore, portMAX_DELAY);
  16:Core/Src/Applications/Src/Encoder.c **** 
  17:Core/Src/Applications/Src/Encoder.c **** 		vTaskDelay(TimeDelay);
  55              		.loc 1 17 3 discriminator 1 view .LVU7
  56 0018 0520     		movs	r0, #5
  57 001a FFF7FEFF 		bl	vTaskDelay
  58              	.LVL4:
  10:Core/Src/Applications/Src/Encoder.c **** 	{
  59              		.loc 1 10 2 view .LVU8
  60 001e F0E7     		b	.L2
  61              	.L5:
  62              		.align	2
  63              	.L4:
  64 0020 00000000 		.word	countSend
  65 0024 00000000 		.word	encoderQueue
  66              		.cfi_endproc
  67              	.LFE73:
  69              		.global	countSend
  70              		.section	.bss.countSend,"aw",%nobits
  71              		.align	1
  74              	countSend:
  75 0000 0000     		.space	2
  76              		.text
  77              	.Letext0:
  78              		.file 2 "C:/ArmToolChain/arm-none-eabi/include/machine/_default_types.h"
  79              		.file 3 "C:/ArmToolChain/arm-none-eabi/include/sys/_stdint.h"
  80              		.file 4 "ThirdParty/FreeRTOS/portable/GCC/ARM_CM3/portmacro.h"
  81              		.file 5 "ThirdParty/FreeRTOS/include/queue.h"
  82              		.file 6 "ThirdParty/FreeRTOS/include/task.h"
  83              		.file 7 "Core/Src/Drivers/Inc/timer_Driver.h"
ARM GAS  C:\Users\Lamp\AppData\Local\Temp\ccqAtnKh.s 			page 3


DEFINED SYMBOLS
                            *ABS*:00000000 Encoder.c
C:\Users\Lamp\AppData\Local\Temp\ccqAtnKh.s:19     .text.EncoderTask:00000000 $t
C:\Users\Lamp\AppData\Local\Temp\ccqAtnKh.s:25     .text.EncoderTask:00000000 EncoderTask
C:\Users\Lamp\AppData\Local\Temp\ccqAtnKh.s:64     .text.EncoderTask:00000020 $d
C:\Users\Lamp\AppData\Local\Temp\ccqAtnKh.s:74     .bss.countSend:00000000 countSend
C:\Users\Lamp\AppData\Local\Temp\ccqAtnKh.s:71     .bss.countSend:00000000 $d

UNDEFINED SYMBOLS
Get_Encoder
xQueueGenericSend
vTaskDelay
encoderQueue
