ARM GAS  C:\Users\Lamp\AppData\Local\Temp\ccM2Olqj.s 			page 1


   1              		.cpu cortex-m3
   2              		.arch armv7-m
   3              		.fpu softvfp
   4              		.eabi_attribute 20, 1
   5              		.eabi_attribute 21, 1
   6              		.eabi_attribute 23, 3
   7              		.eabi_attribute 24, 1
   8              		.eabi_attribute 25, 1
   9              		.eabi_attribute 26, 1
  10              		.eabi_attribute 30, 1
  11              		.eabi_attribute 34, 1
  12              		.eabi_attribute 18, 4
  13              		.file	"usart_Driver.c"
  14              		.text
  15              	.Ltext0:
  16              		.cfi_sections	.debug_frame
  17              		.file 1 "Core/Src/Drivers/Src/usart_Driver.c"
  18              		.section	.text.SendString,"ax",%progbits
  19              		.align	1
  20              		.global	SendString
  21              		.syntax unified
  22              		.thumb
  23              		.thumb_func
  25              	SendString:
  26              	.LVL0:
  27              	.LFB68:
   1:Core/Src/Drivers/Src/usart_Driver.c **** #include "usart_Driver.h"
   2:Core/Src/Drivers/Src/usart_Driver.c **** 
   3:Core/Src/Drivers/Src/usart_Driver.c **** UART_HandleTypeDef huart1;
   4:Core/Src/Drivers/Src/usart_Driver.c **** 
   5:Core/Src/Drivers/Src/usart_Driver.c **** void SendString(char* str)
   6:Core/Src/Drivers/Src/usart_Driver.c **** {
  28              		.loc 1 6 1 view -0
  29              		.cfi_startproc
  30              		@ args = 0, pretend = 0, frame = 0
  31              		@ frame_needed = 0, uses_anonymous_args = 0
  32              		.loc 1 6 1 is_stmt 0 view .LVU1
  33 0000 10B5     		push	{r4, lr}
  34              	.LCFI0:
  35              		.cfi_def_cfa_offset 8
  36              		.cfi_offset 4, -8
  37              		.cfi_offset 14, -4
  38 0002 0446     		mov	r4, r0
   7:Core/Src/Drivers/Src/usart_Driver.c ****     uint16_t length = strlen(str);
  39              		.loc 1 7 5 is_stmt 1 view .LVU2
  40              		.loc 1 7 23 is_stmt 0 view .LVU3
  41 0004 FFF7FEFF 		bl	strlen
  42              	.LVL1:
   8:Core/Src/Drivers/Src/usart_Driver.c **** 
   9:Core/Src/Drivers/Src/usart_Driver.c ****     HAL_UART_Transmit(&huart1, (uint8_t*)str, length, HAL_MAX_DELAY);
  43              		.loc 1 9 5 is_stmt 1 view .LVU4
  44 0008 4FF0FF33 		mov	r3, #-1
  45 000c 82B2     		uxth	r2, r0
  46 000e 2146     		mov	r1, r4
  47 0010 0148     		ldr	r0, .L3
  48              	.LVL2:
  49              		.loc 1 9 5 is_stmt 0 view .LVU5
ARM GAS  C:\Users\Lamp\AppData\Local\Temp\ccM2Olqj.s 			page 2


  50 0012 FFF7FEFF 		bl	HAL_UART_Transmit
  51              	.LVL3:
  10:Core/Src/Drivers/Src/usart_Driver.c **** }
  52              		.loc 1 10 1 view .LVU6
  53 0016 10BD     		pop	{r4, pc}
  54              	.LVL4:
  55              	.L4:
  56              		.loc 1 10 1 view .LVU7
  57              		.align	2
  58              	.L3:
  59 0018 00000000 		.word	huart1
  60              		.cfi_endproc
  61              	.LFE68:
  63              		.section	.text.USART1_Init,"ax",%progbits
  64              		.align	1
  65              		.global	USART1_Init
  66              		.syntax unified
  67              		.thumb
  68              		.thumb_func
  70              	USART1_Init:
  71              	.LFB69:
  11:Core/Src/Drivers/Src/usart_Driver.c **** 
  12:Core/Src/Drivers/Src/usart_Driver.c **** 
  13:Core/Src/Drivers/Src/usart_Driver.c **** void USART1_Init(void)
  14:Core/Src/Drivers/Src/usart_Driver.c **** {
  72              		.loc 1 14 1 is_stmt 1 view -0
  73              		.cfi_startproc
  74              		@ args = 0, pretend = 0, frame = 24
  75              		@ frame_needed = 0, uses_anonymous_args = 0
  76 0000 30B5     		push	{r4, r5, lr}
  77              	.LCFI1:
  78              		.cfi_def_cfa_offset 12
  79              		.cfi_offset 4, -12
  80              		.cfi_offset 5, -8
  81              		.cfi_offset 14, -4
  82 0002 87B0     		sub	sp, sp, #28
  83              	.LCFI2:
  84              		.cfi_def_cfa_offset 40
  15:Core/Src/Drivers/Src/usart_Driver.c **** 	__HAL_RCC_USART1_CLK_ENABLE();
  85              		.loc 1 15 2 view .LVU9
  86              	.LBB2:
  87              		.loc 1 15 2 view .LVU10
  88              		.loc 1 15 2 view .LVU11
  89 0004 274B     		ldr	r3, .L9
  90 0006 9A69     		ldr	r2, [r3, #24]
  91 0008 42F48042 		orr	r2, r2, #16384
  92 000c 9A61     		str	r2, [r3, #24]
  93              		.loc 1 15 2 view .LVU12
  94 000e 9A69     		ldr	r2, [r3, #24]
  95 0010 02F48042 		and	r2, r2, #16384
  96 0014 0092     		str	r2, [sp]
  97              		.loc 1 15 2 view .LVU13
  98 0016 009A     		ldr	r2, [sp]
  99              	.LBE2:
 100              		.loc 1 15 2 view .LVU14
  16:Core/Src/Drivers/Src/usart_Driver.c **** 	__HAL_RCC_GPIOA_CLK_ENABLE();
 101              		.loc 1 16 2 view .LVU15
ARM GAS  C:\Users\Lamp\AppData\Local\Temp\ccM2Olqj.s 			page 3


 102              	.LBB3:
 103              		.loc 1 16 2 view .LVU16
 104              		.loc 1 16 2 view .LVU17
 105 0018 9A69     		ldr	r2, [r3, #24]
 106 001a 42F00402 		orr	r2, r2, #4
 107 001e 9A61     		str	r2, [r3, #24]
 108              		.loc 1 16 2 view .LVU18
 109 0020 9B69     		ldr	r3, [r3, #24]
 110 0022 03F00403 		and	r3, r3, #4
 111 0026 0193     		str	r3, [sp, #4]
 112              		.loc 1 16 2 view .LVU19
 113 0028 019B     		ldr	r3, [sp, #4]
 114              	.LBE3:
 115              		.loc 1 16 2 view .LVU20
  17:Core/Src/Drivers/Src/usart_Driver.c **** 
  18:Core/Src/Drivers/Src/usart_Driver.c **** 	GPIO_InitTypeDef GPIO_InitStruct = {0};
 116              		.loc 1 18 2 view .LVU21
 117              		.loc 1 18 19 is_stmt 0 view .LVU22
 118 002a 0024     		movs	r4, #0
 119 002c 0294     		str	r4, [sp, #8]
 120 002e 0394     		str	r4, [sp, #12]
 121 0030 0494     		str	r4, [sp, #16]
 122 0032 0594     		str	r4, [sp, #20]
  19:Core/Src/Drivers/Src/usart_Driver.c **** 
  20:Core/Src/Drivers/Src/usart_Driver.c **** 	// Cấu hình PA9 (USART1_TX)
  21:Core/Src/Drivers/Src/usart_Driver.c **** 	GPIO_InitStruct.Pin = GPIO_PIN_9;
 123              		.loc 1 21 2 is_stmt 1 view .LVU23
 124              		.loc 1 21 22 is_stmt 0 view .LVU24
 125 0034 4FF40073 		mov	r3, #512
 126 0038 0293     		str	r3, [sp, #8]
  22:Core/Src/Drivers/Src/usart_Driver.c **** 	GPIO_InitStruct.Mode = GPIO_MODE_AF_PP;
 127              		.loc 1 22 2 is_stmt 1 view .LVU25
 128              		.loc 1 22 23 is_stmt 0 view .LVU26
 129 003a 0223     		movs	r3, #2
 130 003c 0393     		str	r3, [sp, #12]
  23:Core/Src/Drivers/Src/usart_Driver.c **** 	GPIO_InitStruct.Speed = GPIO_SPEED_FREQ_HIGH;
 131              		.loc 1 23 2 is_stmt 1 view .LVU27
 132              		.loc 1 23 24 is_stmt 0 view .LVU28
 133 003e 0323     		movs	r3, #3
 134 0040 0593     		str	r3, [sp, #20]
  24:Core/Src/Drivers/Src/usart_Driver.c **** 	HAL_GPIO_Init(GPIOA, &GPIO_InitStruct);
 135              		.loc 1 24 2 is_stmt 1 view .LVU29
 136 0042 194D     		ldr	r5, .L9+4
 137 0044 02A9     		add	r1, sp, #8
 138 0046 2846     		mov	r0, r5
 139 0048 FFF7FEFF 		bl	HAL_GPIO_Init
 140              	.LVL5:
  25:Core/Src/Drivers/Src/usart_Driver.c **** 
  26:Core/Src/Drivers/Src/usart_Driver.c **** 	// Cấu hình PA10 (USART1_RX)
  27:Core/Src/Drivers/Src/usart_Driver.c **** 	GPIO_InitStruct.Pin = GPIO_PIN_10;
 141              		.loc 1 27 2 view .LVU30
 142              		.loc 1 27 22 is_stmt 0 view .LVU31
 143 004c 4FF48063 		mov	r3, #1024
 144 0050 0293     		str	r3, [sp, #8]
  28:Core/Src/Drivers/Src/usart_Driver.c **** 	GPIO_InitStruct.Mode = GPIO_MODE_INPUT;
 145              		.loc 1 28 2 is_stmt 1 view .LVU32
 146              		.loc 1 28 23 is_stmt 0 view .LVU33
ARM GAS  C:\Users\Lamp\AppData\Local\Temp\ccM2Olqj.s 			page 4


 147 0052 0394     		str	r4, [sp, #12]
  29:Core/Src/Drivers/Src/usart_Driver.c **** 	GPIO_InitStruct.Pull = GPIO_NOPULL;
 148              		.loc 1 29 2 is_stmt 1 view .LVU34
 149              		.loc 1 29 23 is_stmt 0 view .LVU35
 150 0054 0494     		str	r4, [sp, #16]
  30:Core/Src/Drivers/Src/usart_Driver.c **** 	HAL_GPIO_Init(GPIOA, &GPIO_InitStruct);
 151              		.loc 1 30 2 is_stmt 1 view .LVU36
 152 0056 02A9     		add	r1, sp, #8
 153 0058 2846     		mov	r0, r5
 154 005a FFF7FEFF 		bl	HAL_GPIO_Init
 155              	.LVL6:
  31:Core/Src/Drivers/Src/usart_Driver.c **** 
  32:Core/Src/Drivers/Src/usart_Driver.c **** 	huart1.Instance = USART1;
 156              		.loc 1 32 2 view .LVU37
 157              		.loc 1 32 18 is_stmt 0 view .LVU38
 158 005e 1348     		ldr	r0, .L9+8
 159 0060 134B     		ldr	r3, .L9+12
 160 0062 0360     		str	r3, [r0]
  33:Core/Src/Drivers/Src/usart_Driver.c ****     huart1.Init.BaudRate = 115200;                       // Tốc độ baud
 161              		.loc 1 33 5 is_stmt 1 view .LVU39
 162              		.loc 1 33 26 is_stmt 0 view .LVU40
 163 0064 4FF4E133 		mov	r3, #115200
 164 0068 4360     		str	r3, [r0, #4]
  34:Core/Src/Drivers/Src/usart_Driver.c ****     huart1.Init.WordLength = UART_WORDLENGTH_8B;         // Độ dài từ: 8 bit
 165              		.loc 1 34 5 is_stmt 1 view .LVU41
 166              		.loc 1 34 28 is_stmt 0 view .LVU42
 167 006a 8460     		str	r4, [r0, #8]
  35:Core/Src/Drivers/Src/usart_Driver.c ****     huart1.Init.StopBits = UART_STOPBITS_1;              // 1 bit stop
 168              		.loc 1 35 5 is_stmt 1 view .LVU43
 169              		.loc 1 35 26 is_stmt 0 view .LVU44
 170 006c C460     		str	r4, [r0, #12]
  36:Core/Src/Drivers/Src/usart_Driver.c ****     huart1.Init.Parity = UART_PARITY_NONE;               // Không có parity
 171              		.loc 1 36 5 is_stmt 1 view .LVU45
 172              		.loc 1 36 24 is_stmt 0 view .LVU46
 173 006e 0461     		str	r4, [r0, #16]
  37:Core/Src/Drivers/Src/usart_Driver.c ****     huart1.Init.Mode = UART_MODE_TX_RX;                  // Chế độ truyền và nhận
 174              		.loc 1 37 5 is_stmt 1 view .LVU47
 175              		.loc 1 37 22 is_stmt 0 view .LVU48
 176 0070 0C23     		movs	r3, #12
 177 0072 4361     		str	r3, [r0, #20]
  38:Core/Src/Drivers/Src/usart_Driver.c ****     huart1.Init.HwFlowCtl = UART_HWCONTROL_NONE;         // Không sử dụng kiểm soát luồng
 178              		.loc 1 38 5 is_stmt 1 view .LVU49
 179              		.loc 1 38 27 is_stmt 0 view .LVU50
 180 0074 8461     		str	r4, [r0, #24]
  39:Core/Src/Drivers/Src/usart_Driver.c ****     huart1.Init.OverSampling = UART_OVERSAMPLING_16;     // Lấy mẫu quá mức
 181              		.loc 1 39 5 is_stmt 1 view .LVU51
 182              		.loc 1 39 30 is_stmt 0 view .LVU52
 183 0076 C461     		str	r4, [r0, #28]
  40:Core/Src/Drivers/Src/usart_Driver.c **** 
  41:Core/Src/Drivers/Src/usart_Driver.c ****     if (HAL_UART_Init(&huart1) != HAL_OK)
 184              		.loc 1 41 5 is_stmt 1 view .LVU53
 185              		.loc 1 41 9 is_stmt 0 view .LVU54
 186 0078 FFF7FEFF 		bl	HAL_UART_Init
 187              	.LVL7:
 188              		.loc 1 41 8 discriminator 1 view .LVU55
 189 007c 78B9     		cbnz	r0, .L8
 190              	.L6:
ARM GAS  C:\Users\Lamp\AppData\Local\Temp\ccM2Olqj.s 			page 5


  42:Core/Src/Drivers/Src/usart_Driver.c ****     {
  43:Core/Src/Drivers/Src/usart_Driver.c ****         // Xử lý lỗi nếu cần
  44:Core/Src/Drivers/Src/usart_Driver.c ****         Error_Handler();
  45:Core/Src/Drivers/Src/usart_Driver.c ****     }
  46:Core/Src/Drivers/Src/usart_Driver.c **** 
  47:Core/Src/Drivers/Src/usart_Driver.c **** 	__HAL_UART_ENABLE_IT(&huart1, UART_IT_RXNE);
 191              		.loc 1 47 2 is_stmt 1 view .LVU56
 192 007e 0B4B     		ldr	r3, .L9+8
 193 0080 1A68     		ldr	r2, [r3]
 194 0082 D368     		ldr	r3, [r2, #12]
 195 0084 43F02003 		orr	r3, r3, #32
 196 0088 D360     		str	r3, [r2, #12]
  48:Core/Src/Drivers/Src/usart_Driver.c **** 
  49:Core/Src/Drivers/Src/usart_Driver.c **** 	HAL_NVIC_SetPriority(USART1_IRQn, 5, 0);
 197              		.loc 1 49 2 view .LVU57
 198 008a 0022     		movs	r2, #0
 199 008c 0521     		movs	r1, #5
 200 008e 2520     		movs	r0, #37
 201 0090 FFF7FEFF 		bl	HAL_NVIC_SetPriority
 202              	.LVL8:
  50:Core/Src/Drivers/Src/usart_Driver.c **** 	HAL_NVIC_EnableIRQ(USART1_IRQn);
 203              		.loc 1 50 2 view .LVU58
 204 0094 2520     		movs	r0, #37
 205 0096 FFF7FEFF 		bl	HAL_NVIC_EnableIRQ
 206              	.LVL9:
  51:Core/Src/Drivers/Src/usart_Driver.c **** }...
 207              		.loc 1 51 1 is_stmt 0 view .LVU59
 208 009a 07B0     		add	sp, sp, #28
 209              	.LCFI3:
 210              		.cfi_remember_state
 211              		.cfi_def_cfa_offset 12
 212              		@ sp needed
 213 009c 30BD     		pop	{r4, r5, pc}
 214              	.L8:
 215              	.LCFI4:
 216              		.cfi_restore_state
  44:Core/Src/Drivers/Src/usart_Driver.c ****         Error_Handler();
 217              		.loc 1 44 9 is_stmt 1 view .LVU60
 218 009e FFF7FEFF 		bl	Error_Handler
 219              	.LVL10:
 220 00a2 ECE7     		b	.L6
 221              	.L10:
 222              		.align	2
 223              	.L9:
 224 00a4 00100240 		.word	1073876992
 225 00a8 00080140 		.word	1073809408
 226 00ac 00000000 		.word	huart1
 227 00b0 00380140 		.word	1073821696
 228              		.cfi_endproc
 229              	.LFE69:
 231              		.global	huart1
 232              		.section	.bss.huart1,"aw",%nobits
 233              		.align	2
 236              	huart1:
 237 0000 00000000 		.space	72
 237      00000000 
 237      00000000 
ARM GAS  C:\Users\Lamp\AppData\Local\Temp\ccM2Olqj.s 			page 6


 237      00000000 
 237      00000000 
 238              		.text
 239              	.Letext0:
 240              		.file 2 "Drivers/CMSIS/Device/ST/STM32F1xx/Include/stm32f103xb.h"
 241              		.file 3 "C:/ArmToolChain/arm-none-eabi/include/machine/_default_types.h"
 242              		.file 4 "C:/ArmToolChain/arm-none-eabi/include/sys/_stdint.h"
 243              		.file 5 "C:/ArmToolChain/lib/gcc/arm-none-eabi/13.3.1/include/stddef.h"
 244              		.file 6 "Drivers/STM32F1xx_HAL_Driver/Inc/stm32f1xx_hal_def.h"
 245              		.file 7 "Drivers/STM32F1xx_HAL_Driver/Inc/stm32f1xx_hal_gpio.h"
 246              		.file 8 "Drivers/STM32F1xx_HAL_Driver/Inc/stm32f1xx_hal_dma.h"
 247              		.file 9 "Drivers/STM32F1xx_HAL_Driver/Inc/stm32f1xx_hal_uart.h"
 248              		.file 10 "Drivers/STM32F1xx_HAL_Driver/Inc/stm32f1xx_hal_cortex.h"
 249              		.file 11 "C:/ArmToolChain/arm-none-eabi/include/string.h"
 250              		.file 12 "Core/Inc/main.h"
ARM GAS  C:\Users\Lamp\AppData\Local\Temp\ccM2Olqj.s 			page 7


DEFINED SYMBOLS
                            *ABS*:00000000 usart_Driver.c
C:\Users\Lamp\AppData\Local\Temp\ccM2Olqj.s:19     .text.SendString:00000000 $t
C:\Users\Lamp\AppData\Local\Temp\ccM2Olqj.s:25     .text.SendString:00000000 SendString
C:\Users\Lamp\AppData\Local\Temp\ccM2Olqj.s:59     .text.SendString:00000018 $d
C:\Users\Lamp\AppData\Local\Temp\ccM2Olqj.s:236    .bss.huart1:00000000 huart1
C:\Users\Lamp\AppData\Local\Temp\ccM2Olqj.s:64     .text.USART1_Init:00000000 $t
C:\Users\Lamp\AppData\Local\Temp\ccM2Olqj.s:70     .text.USART1_Init:00000000 USART1_Init
C:\Users\Lamp\AppData\Local\Temp\ccM2Olqj.s:224    .text.USART1_Init:000000a4 $d
C:\Users\Lamp\AppData\Local\Temp\ccM2Olqj.s:233    .bss.huart1:00000000 $d

UNDEFINED SYMBOLS
strlen
HAL_UART_Transmit
HAL_GPIO_Init
HAL_UART_Init
HAL_NVIC_SetPriority
HAL_NVIC_EnableIRQ
Error_Handler
